<?xml version="1.0" encoding="UTF-8"?>
<!-- Generated by org.testng.reporters.JUnitReportReporter -->
<testsuite skipped="0" hostname="LAPTOP-AF95BSA9" name="testCases.TC001_Account_Registration_Test" tests="1" failures="0" timestamp="2023-04-13T16:52:34 IST" time="3.139" errors="0">
  <testcase name="account_Registration_Test" time="3.139" classname="testCases.TC001_Account_Registration_Test"/>
  <system-out/>
</testsuite> <!-- testCases.TC001_Account_Registration_Test -->
