<?xml version="1.0" encoding="UTF-8"?>
<!-- Generated by org.testng.reporters.JUnitReportReporter -->
<testsuite skipped="0" hostname="LAPTOP-AF95BSA9" name="testCases.TC001_Account_Registration_Test" tests="1" failures="0" timestamp="2023-04-14T12:48:41 IST" time="2.492" errors="0">
  <testcase name="account_Registration_Test" time="2.492" classname="testCases.TC001_Account_Registration_Test"/>
  <system-out/>
</testsuite> <!-- testCases.TC001_Account_Registration_Test -->
